Fri Sep 01 2017 13:33:55 GMT+0000 (UTC): GET /a
Fri Sep 01 2017 13:34:38 GMT+0000 (UTC): GET /a
Fri Sep 01 2017 13:35:36 GMT+0000 (UTC): GET /about
Fri Sep 01 2017 13:36:20 GMT+0000 (UTC): GET /
Fri Sep 01 2017 13:36:28 GMT+0000 (UTC): GET /
Fri Sep 01 2017 13:36:33 GMT+0000 (UTC): GET /about
Fri Sep 01 2017 13:38:10 GMT+0000 (UTC): GET /about
Fri Sep 01 2017 13:38:12 GMT+0000 (UTC): GET /about
Fri Sep 01 2017 13:38:21 GMT+0000 (UTC): GET /about
Fri Sep 01 2017 13:38:22 GMT+0000 (UTC): GET /about
Fri Sep 01 2017 13:38:23 GMT+0000 (UTC): GET /
Fri Sep 01 2017 13:38:43 GMT+0000 (UTC): GET /about
Fri Sep 01 2017 13:41:22 GMT+0000 (UTC): GET /about
Fri Sep 01 2017 13:41:24 GMT+0000 (UTC): GET /
Fri Sep 01 2017 13:41:25 GMT+0000 (UTC): GET /about
Fri Sep 01 2017 13:41:45 GMT+0000 (UTC): GET /about
Wed Sep 06 2017 13:26:27 GMT+0000 (UTC): GET /about
Wed Sep 06 2017 13:26:30 GMT+0000 (UTC): GET /projects
Wed Sep 06 2017 13:28:56 GMT+0000 (UTC): GET /about
Wed Sep 06 2017 13:28:58 GMT+0000 (UTC): GET /projects
Wed Sep 06 2017 13:29:02 GMT+0000 (UTC): GET /
Wed Sep 06 2017 13:29:03 GMT+0000 (UTC): GET /about
Wed Sep 06 2017 13:29:04 GMT+0000 (UTC): GET /projects
Wed Sep 06 2017 13:29:07 GMT+0000 (UTC): GET /
Wed Sep 06 2017 13:29:08 GMT+0000 (UTC): GET /about
Wed Sep 06 2017 13:29:09 GMT+0000 (UTC): GET /
Wed Sep 06 2017 13:29:10 GMT+0000 (UTC): GET /projects
